<?xml version="1.0" encoding="UTF-8"?>
<testng-results ignored="0" total="1" passed="1" failed="0" skipped="0">
  <reporter-output>
  </reporter-output>
  <suite started-at="2021-10-30T11:24:59 IST" name="Default suite" finished-at="2021-10-30T11:25:00 IST" duration-ms="865">
    <groups>
      <group name="cucumber">
        <method signature="AbstractTestNGCucumberTests.feature(cucumber.api.testng.CucumberFeatureWrapper)[pri:0, instance:cucumberOption.Test_Runner@32b260fa]" name="feature" class="cucumber.api.testng.AbstractTestNGCucumberTests"/>
      </group> <!-- cucumber -->
    </groups>
    <test started-at="2021-10-30T11:24:59 IST" name="Default test" finished-at="2021-10-30T11:25:00 IST" duration-ms="865">
      <class name="cucumberOption.Test_Runner">
        <test-method is-config="true" signature="setUpClass()[pri:0, instance:cucumberOption.Test_Runner@32b260fa]" started-at="2021-10-30T11:24:59 IST" name="setUpClass" finished-at="2021-10-30T11:24:59 IST" duration-ms="534" status="PASS">
          <reporter-output>
          </reporter-output>
        </test-method> <!-- setUpClass -->
        <test-method signature="feature(cucumber.api.testng.CucumberFeatureWrapper)[pri:0, instance:cucumberOption.Test_Runner@32b260fa]" started-at="2021-10-30T11:24:59 IST" name="feature" description="Runs Cucumber Feature" data-provider="features" finished-at="2021-10-30T11:24:59 IST" duration-ms="20" status="PASS">
          <params>
            <param index="0">
              <value>
                <![CDATA[application login]]>
              </value>
            </param>
          </params>
          <reporter-output>
          </reporter-output>
        </test-method> <!-- feature -->
        <test-method is-config="true" signature="tearDownClass()[pri:0, instance:cucumberOption.Test_Runner@32b260fa]" started-at="2021-10-30T11:24:59 IST" name="tearDownClass" finished-at="2021-10-30T11:25:00 IST" duration-ms="76" status="PASS">
          <reporter-output>
          </reporter-output>
        </test-method> <!-- tearDownClass -->
      </class> <!-- cucumberOption.Test_Runner -->
    </test> <!-- Default test -->
  </suite> <!-- Default suite -->
</testng-results>
