<?xml version="1.0" encoding="UTF-8"?>
<testng-results ignored="0" total="2" passed="2" failed="0" skipped="0">
  <reporter-output>
  </reporter-output>
  <suite started-at="2021-10-31T08:49:53 IST" name="Default suite" finished-at="2021-10-31T08:50:41 IST" duration-ms="48784">
    <groups>
    </groups>
    <test started-at="2021-10-31T08:49:53 IST" name="Default test" finished-at="2021-10-31T08:50:41 IST" duration-ms="48784">
      <class name="com.testing.Parallel_test">
        <test-method signature="test1()[pri:0, instance:com.testing.Parallel_test@f381794]" started-at="2021-10-31T08:49:53 IST" name="test1" finished-at="2021-10-31T08:50:29 IST" duration-ms="36399" status="PASS">
          <reporter-output>
          </reporter-output>
        </test-method> <!-- test1 -->
        <test-method signature="test2()[pri:0, instance:com.testing.Parallel_test@f381794]" started-at="2021-10-31T08:50:29 IST" name="test2" finished-at="2021-10-31T08:50:41 IST" duration-ms="12282" status="PASS">
          <reporter-output>
          </reporter-output>
        </test-method> <!-- test2 -->
      </class> <!-- com.testing.Parallel_test -->
    </test> <!-- Default test -->
  </suite> <!-- Default suite -->
</testng-results>
